2022-12-19 15:42:51 INFO  Desktops :73 - clickOnCurrencyLink[[ChromeDriver: chrome on WINDOWS (b9d947dc8bed64658d40c28c25b4d3ee)] -> xpath: //span[contains(text(),'Currency')]]
2022-12-19 15:42:51 INFO  HomePage :48 - clickOnDesktopLink[[ChromeDriver: chrome on WINDOWS (b9d947dc8bed64658d40c28c25b4d3ee)] -> link text: Desktops]
2022-12-19 15:42:51 INFO  Desktops :78 - clickOnAllDesktop[[ChromeDriver: chrome on WINDOWS (b9d947dc8bed64658d40c28c25b4d3ee)] -> xpath: //a[contains(text(),'Show All Desktops')]]
2022-12-19 15:42:52 INFO  Desktops :83 - SortByNameZtoAfromDropdown[[ChromeDriver: chrome on WINDOWS (b9d947dc8bed64658d40c28c25b4d3ee)] -> id: input-sort]
2022-12-19 15:42:56 INFO  HomePage :48 - clickOnDesktopLink[[ChromeDriver: chrome on WINDOWS (e30298be8e4ea28c05320e660f28c0c7)] -> link text: Desktops]
2022-12-19 15:42:57 INFO  HomePage :53 - getVerifyText[[ChromeDriver: chrome on WINDOWS (e30298be8e4ea28c05320e660f28c0c7)] -> xpath: //h2[contains(text(),'Desktops')]]
2022-12-19 15:43:00 INFO  HomePage :58 - clickOnLaptopNotebooksLink[[ChromeDriver: chrome on WINDOWS (1963c559b1946b2e56cedef8eda7dec9)] -> link text: Laptops & Notebooks]
2022-12-19 15:43:04 INFO  HomePage :68 - clickOnComponantsLink[[ChromeDriver: chrome on WINDOWS (10f5fdcdfa6bcac19814ecdccd5f8136)] -> link text: Components]
2022-12-19 15:43:24 INFO  HomePage :73 - getVerifyText2Proxy element for: DefaultElementLocator 'By.xpath: //h2[contains(text(),'Components')]'
2022-12-19 15:43:49 INFO  LaptopsAndNotebooks :183 - clickOnAllLaptopAndNotebooksLink[[ChromeDriver: chrome on WINDOWS (47c1d346ca5d77fcc16d7efa9f9de931)] -> link text: Show All Laptops & Notebooks]
2022-12-19 15:43:54 INFO  LaptopsAndNotebooks :183 - clickOnAllLaptopAndNotebooksLink[[ChromeDriver: chrome on WINDOWS (12943449bfc037466ea7d3f02a3cefe3)] -> link text: Show All Laptops & Notebooks]
2022-12-19 15:43:55 INFO  LaptopsAndNotebooks :193 - clickOnMacbookLink[[ChromeDriver: chrome on WINDOWS (12943449bfc037466ea7d3f02a3cefe3)] -> link text: MacBook]
2022-12-19 15:43:56 INFO  LaptopsAndNotebooks :198 - getVerifyMacbook[[ChromeDriver: chrome on WINDOWS (12943449bfc037466ea7d3f02a3cefe3)] -> link text: MacBook]
2022-12-19 15:43:56 INFO  LaptopsAndNotebooks :203 - clickOnAddToCart[[ChromeDriver: chrome on WINDOWS (12943449bfc037466ea7d3f02a3cefe3)] -> xpath: //button[@id='button-cart']]
2022-12-19 15:43:56 INFO  LaptopsAndNotebooks :208 - getVerifySuccess[[ChromeDriver: chrome on WINDOWS (12943449bfc037466ea7d3f02a3cefe3)] -> xpath: //div[@class='alert alert-success alert-dismissible']]
2022-12-19 15:43:56 INFO  Desktops :118 - clickOnShppingCart[[ChromeDriver: chrome on WINDOWS (12943449bfc037466ea7d3f02a3cefe3)] -> xpath: //a[contains(text(),'shopping cart')]]
2022-12-19 15:44:16 INFO  LaptopsAndNotebooks :218 - getVerifyCarProxy element for: DefaultElementLocator 'By.xpath: //h2[contains(text(),'Laptops & Notebooks')]'
2022-12-19 15:45:31 INFO  LaptopsAndNotebooks :349 - clickContinueBy.xpath: //input[@id='button-payment-method']
2022-12-19 15:50:10 INFO  Desktops :73 - clickOnCurrencyLink[[ChromeDriver: chrome on WINDOWS (3289939a161eaceb356009c17ffaf31b)] -> xpath: //span[contains(text(),'Currency')]]
2022-12-19 15:50:11 INFO  HomePage :48 - clickOnDesktopLink[[ChromeDriver: chrome on WINDOWS (3289939a161eaceb356009c17ffaf31b)] -> link text: Desktops]
2022-12-19 15:50:11 INFO  Desktops :78 - clickOnAllDesktop[[ChromeDriver: chrome on WINDOWS (3289939a161eaceb356009c17ffaf31b)] -> xpath: //a[contains(text(),'Show All Desktops')]]
2022-12-19 15:50:12 INFO  Desktops :83 - SortByNameZtoAfromDropdown[[ChromeDriver: chrome on WINDOWS (3289939a161eaceb356009c17ffaf31b)] -> id: input-sort]
2022-12-19 15:50:16 INFO  HomePage :48 - clickOnDesktopLink[[ChromeDriver: chrome on WINDOWS (bbc6402b83c695d9ce567039e6b11d39)] -> link text: Desktops]
2022-12-19 15:50:17 INFO  HomePage :53 - getVerifyText[[ChromeDriver: chrome on WINDOWS (bbc6402b83c695d9ce567039e6b11d39)] -> xpath: //h2[contains(text(),'Desktops')]]
2022-12-19 15:50:20 INFO  HomePage :58 - clickOnLaptopNotebooksLink[[ChromeDriver: chrome on WINDOWS (8695b9178cbdb532a1ad291034582685)] -> link text: Laptops & Notebooks]
2022-12-19 15:50:25 INFO  HomePage :68 - clickOnComponantsLink[[ChromeDriver: chrome on WINDOWS (ee55f7b5b5f10119a37ca6fc5beeabc3)] -> link text: Components]
2022-12-19 15:50:45 INFO  HomePage :73 - getVerifyText2Proxy element for: DefaultElementLocator 'By.xpath: //h2[contains(text(),'Components')]'
2022-12-19 15:51:12 INFO  LaptopsAndNotebooks :183 - clickOnAllLaptopAndNotebooksLink[[ChromeDriver: chrome on WINDOWS (4a2421751b4bf85b313f4d4fe6fa5d4d)] -> link text: Show All Laptops & Notebooks]
2022-12-19 15:51:19 INFO  LaptopsAndNotebooks :183 - clickOnAllLaptopAndNotebooksLink[[ChromeDriver: chrome on WINDOWS (fd309abecc32ca0aa10c5eec4e3edfce)] -> link text: Show All Laptops & Notebooks]
2022-12-19 15:51:20 INFO  LaptopsAndNotebooks :193 - clickOnMacbookLink[[ChromeDriver: chrome on WINDOWS (fd309abecc32ca0aa10c5eec4e3edfce)] -> link text: MacBook]
2022-12-19 15:51:21 INFO  LaptopsAndNotebooks :198 - getVerifyMacbook[[ChromeDriver: chrome on WINDOWS (fd309abecc32ca0aa10c5eec4e3edfce)] -> link text: MacBook]
2022-12-19 15:51:21 INFO  LaptopsAndNotebooks :203 - clickOnAddToCart[[ChromeDriver: chrome on WINDOWS (fd309abecc32ca0aa10c5eec4e3edfce)] -> xpath: //button[@id='button-cart']]
2022-12-19 15:51:21 INFO  LaptopsAndNotebooks :208 - getVerifySuccess[[ChromeDriver: chrome on WINDOWS (fd309abecc32ca0aa10c5eec4e3edfce)] -> xpath: //div[@class='alert alert-success alert-dismissible']]
2022-12-19 15:51:21 INFO  Desktops :118 - clickOnShppingCart[[ChromeDriver: chrome on WINDOWS (fd309abecc32ca0aa10c5eec4e3edfce)] -> xpath: //a[contains(text(),'shopping cart')]]
2022-12-19 15:51:42 INFO  LaptopsAndNotebooks :218 - getVerifyCarProxy element for: DefaultElementLocator 'By.xpath: //h2[contains(text(),'Laptops & Notebooks')]'
2022-12-19 15:52:57 INFO  LaptopsAndNotebooks :349 - clickContinueBy.xpath: //input[@id='button-payment-method']
